I[21:14:22.603] Ubuntu clangd version 14.0.6
I[21:14:22.603] Features: linux+grpc
I[21:14:22.603] PID: 2386
I[21:14:22.603] Working directory: /home/onsethypekid9/candy-crush-earner/ios/CandyCrushEarner
I[21:14:22.603] argv[0]: /usr/bin/clangd
I[21:14:22.603] Starting LSP over stdin/stdout
I[21:14:22.603] <-- initialize(0)
I[21:14:22.604] --> reply:initialize(0) 0 ms
I[21:14:22.608] <-- initialized
I[21:14:22.621] <-- textDocument/didOpen
I[21:14:22.622] Failed to find compilation database for /home/onsethypekid9/candy-crush-earner/ios/CandyCrushEarner/AppDelegate.mm
I[21:14:22.622] ASTWorker building file /home/onsethypekid9/candy-crush-earner/ios/CandyCrushEarner/AppDelegate.mm version 1 with command clangd fallback
[/home/onsethypekid9/candy-crush-earner/ios/CandyCrushEarner]
/usr/bin/clang -resource-dir=/usr/lib/llvm-14/lib/clang/14.0.6 -- /home/onsethypekid9/candy-crush-earner/ios/CandyCrushEarner/AppDelegate.mm
I[21:14:22.624] --> textDocument/clangd.fileStatus
I[21:14:22.635] --> workspace/semanticTokens/refresh(0)
I[21:14:22.638] <-- reply(0)
I[21:14:22.645] --> textDocument/publishDiagnostics
I[21:14:22.645] --> textDocument/clangd.fileStatus
I[21:14:33.557] <-- textDocument/codeAction(1)
I[21:14:33.557] <-- textDocument/documentSymbol(2)
I[21:14:33.558] <-- clangd/inlayHints(3)
I[21:14:33.558] <-- textDocument/documentLink(4)
I[21:14:33.558] --> reply:textDocument/codeAction(1) 0 ms
I[21:14:33.558] --> reply:textDocument/documentSymbol(2) 0 ms
I[21:14:33.558] --> reply:clangd/inlayHints(3) 0 ms
I[21:14:33.558] --> reply:textDocument/documentLink(4) 0 ms
I[21:14:33.558] --> textDocument/clangd.fileStatus
I[21:14:34.378] <-- textDocument/documentSymbol(5)
I[21:14:34.378] <-- textDocument/semanticTokens/full(6)
I[21:14:34.378] <-- textDocument/documentSymbol(7)
I[21:14:34.378] <-- textDocument/documentSymbol(8)
I[21:14:34.379] --> reply:textDocument/documentSymbol(5) 0 ms
I[21:14:34.379] --> reply:textDocument/semanticTokens/full(6) 0 ms
I[21:14:34.379] --> reply:textDocument/documentSymbol(7) 0 ms
I[21:14:34.379] --> reply:textDocument/documentSymbol(8) 1 ms
I[21:14:34.379] --> textDocument/clangd.fileStatus
I[21:14:34.397] <-- $/cancelRequest
I[21:14:34.730] <-- textDocument/documentLink(9)
I[21:14:34.731] --> reply:textDocument/documentLink(9) 0 ms
I[21:14:34.731] --> textDocument/clangd.fileStatus
I[21:14:35.035] <-- textDocument/codeAction(10)
I[21:14:35.035] <-- textDocument/codeAction(11)
I[21:14:35.035] --> reply:textDocument/codeAction(10) 0 ms
I[21:14:35.035] --> reply:textDocument/codeAction(11) 0 ms
I[21:14:35.035] --> textDocument/clangd.fileStatus
I[21:14:35.043] <-- $/cancelRequest
I[21:14:35.043] <-- textDocument/documentLink(12)
I[21:14:35.043] --> reply:textDocument/documentLink(12) 0 ms
I[21:14:35.043] --> textDocument/clangd.fileStatus
I[21:14:35.309] <-- textDocument/documentSymbol(13)
I[21:14:35.312] --> reply:textDocument/documentSymbol(13) 3 ms
I[21:14:35.312] --> textDocument/clangd.fileStatus
I[21:14:36.203] <-- $/setTrace
I[21:14:36.203] unhandled notification $/setTrace
I[21:14:42.594] <-- textDocument/codeAction(14)
I[21:14:42.595] --> reply:textDocument/codeAction(14) 0 ms
I[21:14:42.595] --> textDocument/clangd.fileStatus
I[21:14:42.595] <-- textDocument/codeAction(15)
I[21:14:42.595] --> reply:textDocument/codeAction(15) 0 ms
I[21:14:42.595] --> textDocument/clangd.fileStatus
I[21:14:42.597] <-- $/cancelRequest
I[21:14:42.603] <-- textDocument/documentLink(16)
I[21:14:42.603] --> reply:textDocument/documentLink(16) 0 ms
I[21:14:42.603] --> textDocument/clangd.fileStatus
I[21:14:44.317] <-- textDocument/didChange
I[21:14:44.317] --> textDocument/clangd.fileStatus
I[21:14:44.367] Failed to find compilation database for /home/onsethypekid9/candy-crush-earner/ios/CandyCrushEarner/AppDelegate.mm
I[21:14:44.368] ASTWorker building file /home/onsethypekid9/candy-crush-earner/ios/CandyCrushEarner/AppDelegate.mm version 2 with command clangd fallback
[/home/onsethypekid9/candy-crush-earner/ios/CandyCrushEarner]
/usr/bin/clang -resource-dir=/usr/lib/llvm-14/lib/clang/14.0.6 -- /home/onsethypekid9/candy-crush-earner/ios/CandyCrushEarner/AppDelegate.mm
I[21:14:44.371] --> textDocument/clangd.fileStatus
I[21:14:44.371] --> textDocument/clangd.fileStatus
I[21:14:44.381] --> workspace/semanticTokens/refresh(1)
I[21:14:44.381] --> textDocument/clangd.fileStatus
I[21:14:44.383] <-- reply(1)
I[21:14:44.391] --> textDocument/publishDiagnostics
I[21:14:44.391] --> textDocument/clangd.fileStatus
I[21:14:44.475] <-- textDocument/codeAction(17)
I[21:14:44.475] --> reply:textDocument/codeAction(17) 0 ms
I[21:14:44.476] --> textDocument/clangd.fileStatus
I[21:14:44.677] <-- textDocument/documentSymbol(18)
I[21:14:44.677] <-- clangd/inlayHints(19)
I[21:14:44.678] --> reply:textDocument/documentSymbol(18) 0 ms
I[21:14:44.678] --> reply:clangd/inlayHints(19) 0 ms
I[21:14:44.678] --> textDocument/clangd.fileStatus
I[21:14:44.729] <-- textDocument/semanticTokens/full/delta(20)
I[21:14:44.729] --> reply:textDocument/semanticTokens/full/delta(20) 0 ms
I[21:14:44.729] --> textDocument/clangd.fileStatus
I[21:14:45.018] <-- textDocument/codeAction(21)
I[21:14:45.018] --> reply:textDocument/codeAction(21) 0 ms
I[21:14:45.018] --> textDocument/clangd.fileStatus
I[21:14:45.019] <-- clangd/inlayHints(22)
I[21:14:45.020] --> reply:clangd/inlayHints(22) 0 ms
I[21:14:45.020] --> textDocument/clangd.fileStatus
I[21:14:45.207] <-- textDocument/documentLink(23)
I[21:14:45.207] --> reply:textDocument/documentLink(23) 0 ms
I[21:14:45.208] --> textDocument/clangd.fileStatus
I[21:14:45.231] <-- textDocument/documentSymbol(24)
I[21:14:45.231] --> reply:textDocument/documentSymbol(24) 0 ms
I[21:14:45.231] --> textDocument/clangd.fileStatus
I[21:14:45.914] <-- textDocument/didSave
I[21:14:45.914] File version went from 2 to 2
I[21:14:45.914] --> textDocument/clangd.fileStatus
I[21:14:45.964] Failed to find compilation database for /home/onsethypekid9/candy-crush-earner/ios/CandyCrushEarner/AppDelegate.mm
I[21:14:45.965] ASTWorker building file /home/onsethypekid9/candy-crush-earner/ios/CandyCrushEarner/AppDelegate.mm version 2 with command clangd fallback
[/home/onsethypekid9/candy-crush-earner/ios/CandyCrushEarner]
/usr/bin/clang -resource-dir=/usr/lib/llvm-14/lib/clang/14.0.6 -- /home/onsethypekid9/candy-crush-earner/ios/CandyCrushEarner/AppDelegate.mm
I[21:14:45.966] --> textDocument/clangd.fileStatus
I[21:14:45.966] --> textDocument/clangd.fileStatus
I[21:14:45.966] --> textDocument/clangd.fileStatus
I[21:14:45.966] --> textDocument/clangd.fileStatus
I[21:14:52.112] <-- textDocument/documentLink(25)
I[21:14:52.113] --> reply:textDocument/documentLink(25) 0 ms
I[21:14:52.113] --> textDocument/clangd.fileStatus
I[21:14:52.367] <-- textDocument/documentSymbol(26)
I[21:14:52.367] --> reply:textDocument/documentSymbol(26) 0 ms
I[21:14:52.367] --> textDocument/clangd.fileStatus
I[21:14:54.131] <-- textDocument/didChange
I[21:14:54.132] --> textDocument/clangd.fileStatus
I[21:14:54.182] Failed to find compilation database for /home/onsethypekid9/candy-crush-earner/ios/CandyCrushEarner/AppDelegate.mm
I[21:14:54.182] ASTWorker building file /home/onsethypekid9/candy-crush-earner/ios/CandyCrushEarner/AppDelegate.mm version 3 with command clangd fallback
[/home/onsethypekid9/candy-crush-earner/ios/CandyCrushEarner]
/usr/bin/clang -resource-dir=/usr/lib/llvm-14/lib/clang/14.0.6 -- /home/onsethypekid9/candy-crush-earner/ios/CandyCrushEarner/AppDelegate.mm
I[21:14:54.184] --> textDocument/clangd.fileStatus
I[21:14:54.184] --> textDocument/clangd.fileStatus
I[21:14:54.192] --> workspace/semanticTokens/refresh(2)
I[21:14:54.192] --> textDocument/clangd.fileStatus
I[21:14:54.193] <-- reply(2)
I[21:14:54.199] --> textDocument/publishDiagnostics
I[21:14:54.199] --> textDocument/clangd.fileStatus
I[21:14:54.322] <-- textDocument/codeAction(27)
I[21:14:54.323] --> reply:textDocument/codeAction(27) 0 ms
I[21:14:54.323] --> textDocument/clangd.fileStatus
I[21:14:54.334] <-- textDocument/semanticTokens/full/delta(28)
I[21:14:54.334] --> reply:textDocument/semanticTokens/full/delta(28) 0 ms
I[21:14:54.334] --> textDocument/clangd.fileStatus
I[21:14:54.386] <-- clangd/inlayHints(29)
I[21:14:54.386] --> reply:clangd/inlayHints(29) 0 ms
I[21:14:54.386] --> textDocument/clangd.fileStatus
I[21:14:54.442] <-- textDocument/documentSymbol(30)
I[21:14:54.442] --> reply:textDocument/documentSymbol(30) 0 ms
I[21:14:54.442] --> textDocument/clangd.fileStatus
I[21:14:54.727] <-- textDocument/codeAction(31)
I[21:14:54.728] --> reply:textDocument/codeAction(31) 0 ms
I[21:14:54.728] --> textDocument/clangd.fileStatus
I[21:14:54.815] <-- textDocument/documentSymbol(32)
I[21:14:54.815] --> reply:textDocument/documentSymbol(32) 0 ms
I[21:14:54.815] --> textDocument/clangd.fileStatus
I[21:14:54.916] <-- clangd/inlayHints(33)
I[21:14:54.916] --> reply:clangd/inlayHints(33) 0 ms
I[21:14:54.916] --> textDocument/clangd.fileStatus
I[21:14:55.083] <-- textDocument/documentLink(34)
I[21:14:55.083] --> reply:textDocument/documentLink(34) 0 ms
I[21:14:55.083] --> textDocument/clangd.fileStatus
I[21:14:55.747] <-- textDocument/didSave
I[21:14:55.748] File version went from 3 to 3
I[21:14:55.748] --> textDocument/clangd.fileStatus
I[21:14:55.798] Failed to find compilation database for /home/onsethypekid9/candy-crush-earner/ios/CandyCrushEarner/AppDelegate.mm
I[21:14:55.798] ASTWorker building file /home/onsethypekid9/candy-crush-earner/ios/CandyCrushEarner/AppDelegate.mm version 3 with command clangd fallback
[/home/onsethypekid9/candy-crush-earner/ios/CandyCrushEarner]
/usr/bin/clang -resource-dir=/usr/lib/llvm-14/lib/clang/14.0.6 -- /home/onsethypekid9/candy-crush-earner/ios/CandyCrushEarner/AppDelegate.mm
I[21:14:55.800] --> textDocument/clangd.fileStatus
I[21:14:55.801] --> textDocument/clangd.fileStatus
I[21:14:55.801] --> textDocument/clangd.fileStatus
I[21:14:55.801] --> textDocument/clangd.fileStatus
