2026-06-06 21:14:23.644 [info] [main] Log level: Info
2026-06-06 21:14:23.644 [info] [main] Validating found git in: "git"
2026-06-06 21:14:23.644 [info] [main] Using git "2.43.0" from "git"
2026-06-06 21:14:23.644 [info] [Model][doInitialScan] Initial repository scan started
2026-06-06 21:14:23.644 [info] > git rev-parse --show-toplevel [2ms]
2026-06-06 21:14:23.644 [info] > git rev-parse --git-dir --git-common-dir --show-superproject-working-tree [4ms]
2026-06-06 21:14:23.939 [info] [Model][openRepository] Opened repository (path): /home/onsethypekid9/candy-crush-earner
2026-06-06 21:14:23.939 [info] [Model][openRepository] Opened repository (real path): /home/onsethypekid9/candy-crush-earner
2026-06-06 21:14:23.939 [info] [Model][openRepository] Opened repository (kind): repository
2026-06-06 21:14:23.951 [info] > git config --get commit.template [5ms]
2026-06-06 21:14:23.952 [info] > git rev-parse --show-toplevel [3ms]
2026-06-06 21:14:23.952 [info] [Model][doInitialScan] Initial repository scan completed - repositories (1), closed repositories (0), parent repositories (0), unsafe repositories (0)
2026-06-06 21:14:23.957 [info] [Git][getRemotes] No remotes found in the git config file
2026-06-06 21:14:23.958 [info] > git for-each-ref --format=%(refname)%00%(upstream:short)%00%(objectname)%00%(upstream:track)%00%(upstream:remotename)%00%(upstream:remoteref) refs/heads/main refs/remotes/main [2ms]
2026-06-06 21:14:23.969 [info] > git status -z -uall [7ms]
2026-06-06 21:14:23.971 [info] > git for-each-ref --sort -committerdate --format %(refname)%00%(objectname)%00%(*objectname) [4ms]
2026-06-06 21:14:23.991 [info] > git for-each-ref --format=%(refname)%00%(upstream:short)%00%(objectname)%00%(upstream:track)%00%(upstream:remotename)%00%(upstream:remoteref) refs/heads/main refs/remotes/main [8ms]
2026-06-06 21:14:23.997 [info] > git config --get commit.template [5ms]
2026-06-06 21:14:23.997 [info] > git config --get --local branch.main.vscode-merge-base [2ms]
2026-06-06 21:14:23.998 [warning] [Git][config] git config failed: Failed to execute git
2026-06-06 21:14:24.002 [info] [Git][getRemotes] No remotes found in the git config file
2026-06-06 21:14:24.006 [info] > git reflog main --grep-reflog=branch: Created from *. [5ms]
2026-06-06 21:14:24.012 [info] > git for-each-ref --format=%(refname)%00%(upstream:short)%00%(objectname)%00%(upstream:track)%00%(upstream:remotename)%00%(upstream:remoteref) refs/heads/main refs/remotes/main [7ms]
2026-06-06 21:14:24.021 [info] > git status -z -uall [4ms]
2026-06-06 21:14:24.022 [info] > git for-each-ref --sort -committerdate --format %(refname)%00%(objectname)%00%(*objectname) [3ms]
2026-06-06 21:14:24.708 [info] > git check-ignore -v -z --stdin [2ms]
2026-06-06 21:14:34.744 [info] > git check-ignore -v -z --stdin [3ms]
2026-06-06 21:14:35.081 [info] > git show --textconv :ios/CandyCrushEarner/AppDelegate.mm [15ms]
2026-06-06 21:14:35.083 [info] > git ls-files --stage -- ios/CandyCrushEarner/AppDelegate.mm [6ms]
2026-06-06 21:14:35.098 [info] > git cat-file -s fdb5193ba1c15a6ba958671e57c481cdf2eebdb4 [5ms]
2026-06-06 21:14:44.746 [info] > git check-ignore -v -z --stdin [2ms]
2026-06-06 21:14:45.505 [info] > git blame --root --incremental 759e62fc3f28d6b54973a9159b9fe3ca83643c21 -- ios/CandyCrushEarner/AppDelegate.mm [3ms]
2026-06-06 21:14:54.429 [info] > git check-ignore -v -z --stdin [2ms]
