0 verbose cli /usr/local/nvm/versions/node/v24.16.0/bin/node /usr/local/nvm/versions/node/v24.16.0/lib/node_modules/npm/bin/npm-cli.js
1 info using npm@11.16.0
2 info using node@v24.16.0
3 silly config load:file:/usr/local/nvm/versions/node/v24.16.0/lib/node_modules/npm/npmrc
4 silly config load:file:/home/onsethypekid9/.npmrc
5 silly config load:file:/usr/local/nvm/versions/node/v24.16.0/etc/npmrc
6 verbose title npm exec eas-cli project:list
7 verbose argv "exec" "--" "eas-cli" "project:list"
8 verbose logfile logs-max:10 dir:/home/onsethypekid9/.npm/_logs/2026-06-06T21_00_56_260Z-
9 verbose logfile /home/onsethypekid9/.npm/_logs/2026-06-06T21_00_56_260Z-debug-0.log
10 silly logfile start cleaning logs, removing 1 files
11 silly logfile done cleaning log files
12 silly packumentCache heap:2348810240 maxSize:587202560 maxEntrySize:293601280
13 http fetch GET 200 https://registry.npmjs.org/eas-cli 98ms (cache revalidated)
14 silly packumentCache heap:2348810240 maxSize:587202560 maxEntrySize:293601280
15 silly packumentCache heap:2348810240 maxSize:587202560 maxEntrySize:293601280
16 verbose cwd /home/onsethypekid9
17 verbose os Linux 6.6.137+
18 verbose node v24.16.0
19 verbose npm  v11.16.0
20 verbose exit 2
21 verbose code 2
