I[21:09:50.855] Ubuntu clangd version 14.0.6
I[21:09:50.856] Features: linux+grpc
I[21:09:50.856] PID: 2197
I[21:09:50.856] Working directory: /home/onsethypekid9/candy-crush-earner/ios/CandyCrushEarner
I[21:09:50.856] argv[0]: /usr/bin/clangd
I[21:09:50.858] Starting LSP over stdin/stdout
I[21:09:50.862] <-- initialize(0)
I[21:09:50.873] --> reply:initialize(0) 11 ms
I[21:09:51.255] <-- initialized
I[21:09:51.301] <-- textDocument/didOpen
I[21:09:51.318] Failed to find compilation database for /home/onsethypekid9/candy-crush-earner/ios/CandyCrushEarner/main.m
I[21:09:51.318] ASTWorker building file /home/onsethypekid9/candy-crush-earner/ios/CandyCrushEarner/main.m version 1 with command clangd fallback
[/home/onsethypekid9/candy-crush-earner/ios/CandyCrushEarner]
/usr/bin/clang -resource-dir=/usr/lib/llvm-14/lib/clang/14.0.6 -- /home/onsethypekid9/candy-crush-earner/ios/CandyCrushEarner/main.m
I[21:09:51.370] --> textDocument/clangd.fileStatus
I[21:09:51.481] --> workspace/semanticTokens/refresh(0)
I[21:09:51.483] --> textDocument/clangd.fileStatus
I[21:09:51.483] --> textDocument/clangd.fileStatus
I[21:09:51.486] <-- reply(0)
I[21:09:51.541] <-- $/setTrace
I[21:09:51.541] unhandled notification $/setTrace
I[21:09:51.604] --> textDocument/publishDiagnostics
I[21:09:51.605] --> textDocument/clangd.fileStatus
I[21:09:52.409] <-- $/setTrace
I[21:09:52.409] unhandled notification $/setTrace
I[21:09:55.050] <-- textDocument/codeAction(1)
I[21:09:55.051] <-- textDocument/documentSymbol(2)
I[21:09:55.051] <-- textDocument/documentLink(3)
I[21:09:55.054] --> reply:textDocument/codeAction(1) 3 ms
I[21:09:55.054] --> reply:textDocument/documentSymbol(2) 3 ms
I[21:09:55.054] --> reply:textDocument/documentLink(3) 3 ms
I[21:09:55.054] --> textDocument/clangd.fileStatus
I[21:09:55.170] <-- textDocument/documentSymbol(4)
I[21:09:55.170] <-- textDocument/codeAction(5)
I[21:09:55.170] --> reply:textDocument/documentSymbol(4) 0 ms
I[21:09:55.170] <-- textDocument/semanticTokens/full(6)
I[21:09:55.170] <-- textDocument/documentHighlight(7)
I[21:09:55.170] <-- clangd/inlayHints(8)
I[21:09:55.170] --> reply:textDocument/codeAction(5) 0 ms
I[21:09:55.174] --> reply:textDocument/semanticTokens/full(6) 3 ms
I[21:09:55.174] --> reply:textDocument/documentHighlight(7) 3 ms
I[21:09:55.175] --> reply:clangd/inlayHints(8) 4 ms
I[21:09:55.175] --> textDocument/clangd.fileStatus
I[21:10:02.597] <-- textDocument/codeAction(9)
I[21:10:02.597] <-- textDocument/codeAction(10)
I[21:10:02.597] --> reply:textDocument/codeAction(9) 0 ms
I[21:10:02.597] --> reply:textDocument/codeAction(10) 0 ms
I[21:10:02.598] --> textDocument/clangd.fileStatus
I[21:10:02.599] <-- $/cancelRequest
I[21:10:02.620] <-- textDocument/documentLink(11)
I[21:10:02.620] --> reply:textDocument/documentLink(11) 0 ms
I[21:10:02.620] --> textDocument/clangd.fileStatus
I[21:10:05.601] <-- $/setTrace
I[21:10:05.601] unhandled notification $/setTrace
I[21:10:16.653] <-- textDocument/documentLink(12)
I[21:10:16.653] --> reply:textDocument/documentLink(12) 0 ms
I[21:10:16.654] --> textDocument/clangd.fileStatus
I[21:10:16.933] <-- textDocument/documentSymbol(13)
I[21:10:16.933] --> reply:textDocument/documentSymbol(13) 0 ms
I[21:10:16.933] --> textDocument/clangd.fileStatus
I[21:10:24.045] <-- textDocument/documentHighlight(14)
I[21:10:24.046] --> reply:textDocument/documentHighlight(14) 0 ms
I[21:10:24.046] --> textDocument/clangd.fileStatus
I[21:10:26.823] <-- textDocument/didOpen
I[21:10:26.824] <-- textDocument/codeAction(15)
I[21:10:26.824] Failed to find compilation database for /home/onsethypekid9/candy-crush-earner/ios/CandyCrushEarner/AppDelegate.mm
I[21:10:26.824] <-- textDocument/documentSymbol(16)
I[21:10:26.824] <-- textDocument/semanticTokens/full(17)
I[21:10:26.824] ASTWorker building file /home/onsethypekid9/candy-crush-earner/ios/CandyCrushEarner/AppDelegate.mm version 1 with command clangd fallback
[/home/onsethypekid9/candy-crush-earner/ios/CandyCrushEarner]
/usr/bin/clang -resource-dir=/usr/lib/llvm-14/lib/clang/14.0.6 -- /home/onsethypekid9/candy-crush-earner/ios/CandyCrushEarner/AppDelegate.mm
I[21:10:26.827] --> textDocument/clangd.fileStatus
I[21:10:26.838] --> workspace/semanticTokens/refresh(1)
I[21:10:26.838] --> textDocument/clangd.fileStatus
I[21:10:26.840] <-- reply(1)
I[21:10:26.854] --> textDocument/publishDiagnostics
I[21:10:26.854] --> reply:textDocument/codeAction(15) 30 ms
I[21:10:26.854] --> reply:textDocument/documentSymbol(16) 30 ms
I[21:10:26.855] --> reply:textDocument/semanticTokens/full(17) 30 ms
I[21:10:26.855] --> textDocument/clangd.fileStatus
I[21:10:26.904] <-- clangd/inlayHints(18)
I[21:10:26.904] <-- textDocument/documentLink(19)
I[21:10:26.905] --> reply:clangd/inlayHints(18) 0 ms
I[21:10:26.905] --> reply:textDocument/documentLink(19) 0 ms
I[21:10:26.905] --> textDocument/clangd.fileStatus
I[21:10:27.055] <-- textDocument/documentSymbol(20)
I[21:10:27.055] --> reply:textDocument/documentSymbol(20) 0 ms
I[21:10:27.055] --> textDocument/clangd.fileStatus
I[21:10:27.439] <-- textDocument/codeAction(21)
I[21:10:27.439] --> reply:textDocument/codeAction(21) 0 ms
I[21:10:27.439] --> textDocument/clangd.fileStatus
I[21:10:27.981] <-- textDocument/semanticTokens/full/delta(22)
I[21:10:27.981] --> reply:textDocument/semanticTokens/full/delta(22) 0 ms
I[21:10:27.981] --> textDocument/clangd.fileStatus
I[21:10:37.809] <-- clangd/inlayHints(23)
I[21:10:37.809] --> reply:clangd/inlayHints(23) 0 ms
I[21:10:37.809] --> textDocument/clangd.fileStatus
I[21:10:38.340] <-- clangd/inlayHints(24)
I[21:10:38.340] --> reply:clangd/inlayHints(24) 0 ms
I[21:10:38.340] --> textDocument/clangd.fileStatus
I[21:10:38.694] <-- clangd/inlayHints(25)
I[21:10:38.695] --> reply:clangd/inlayHints(25) 0 ms
I[21:10:38.695] --> textDocument/clangd.fileStatus
I[21:10:41.427] <-- clangd/inlayHints(26)
I[21:10:41.427] --> reply:clangd/inlayHints(26) 0 ms
I[21:10:41.427] --> textDocument/clangd.fileStatus
I[21:10:43.273] <-- clangd/inlayHints(27)
I[21:10:43.273] --> reply:clangd/inlayHints(27) 0 ms
I[21:10:43.273] --> textDocument/clangd.fileStatus
I[21:10:43.504] <-- clangd/inlayHints(28)
I[21:10:43.504] --> reply:clangd/inlayHints(28) 0 ms
I[21:10:43.504] --> textDocument/clangd.fileStatus
I[21:10:44.233] <-- clangd/inlayHints(29)
I[21:10:44.233] --> reply:clangd/inlayHints(29) 0 ms
I[21:10:44.233] --> textDocument/clangd.fileStatus
I[21:10:49.129] <-- clangd/inlayHints(30)
I[21:10:49.130] --> reply:clangd/inlayHints(30) 0 ms
I[21:10:49.130] --> textDocument/clangd.fileStatus
I[21:10:49.955] <-- clangd/inlayHints(31)
I[21:10:49.955] --> reply:clangd/inlayHints(31) 0 ms
I[21:10:49.955] --> textDocument/clangd.fileStatus
I[21:10:54.685] <-- clangd/inlayHints(32)
I[21:10:54.685] <-- clangd/inlayHints(33)
I[21:10:54.685] --> reply:clangd/inlayHints(32) 0 ms
I[21:10:54.685] --> reply:clangd/inlayHints(33) 0 ms
I[21:10:54.685] --> textDocument/clangd.fileStatus
I[21:10:54.687] <-- $/cancelRequest
