2026-06-05 20:08:32.747 [info] Reading sessions from keychain...
2026-06-05 20:08:32.747 [info] Getting sessions for all scopes...
2026-06-05 20:08:32.747 [info] Got 0 sessions for ...
2026-06-05 20:08:32.747 [info] Getting sessions for all scopes...
2026-06-05 20:08:32.747 [info] Got 0 sessions for ...
2026-06-05 20:08:32.747 [info] Getting sessions for all scopes...
2026-06-05 20:08:32.747 [info] Got 0 sessions for ...
2026-06-05 20:08:32.747 [info] Getting sessions for all scopes...
2026-06-05 20:08:32.747 [info] Got 0 sessions for ...
2026-06-05 20:08:38.083 [info] Getting sessions for all scopes...
2026-06-05 20:08:38.083 [info] Got 0 sessions for ...
2026-06-05 20:09:40.082 [info] Getting sessions for read:user,repo,user:email,workflow...
2026-06-05 20:09:40.082 [info] Got 0 sessions for read:user,repo,user:email,workflow...
2026-06-05 20:09:42.377 [info] Logging in with 'any' account...
2026-06-05 20:09:42.377 [info] Logging in for the following scopes: read:user repo user:email workflow
2026-06-05 20:09:42.726 [info] Trying device code flow... (read:user repo user:email workflow)
2026-06-05 20:11:54.110 [error] Timed out
2026-06-05 20:18:25.968 [error] Canceled
2026-06-05 20:18:25.981 [error] Error: No auth flow succeeded.
    at t.GitHubServer.login (/google/devshell/editor/code-oss-for-cloud-shell/extensions/github-authentication/dist/extension.js:2:214890)
    at processTicksAndRejections (node:internal/process/task_queues:105:5)
    at t.GitHubAuthenticationProvider.createSession (/google/devshell/editor/code-oss-for-cloud-shell/extensions/github-authentication/dist/extension.js:2:183638)
    at file:///google/devshell/editor/code-oss-for-cloud-shell/out/vs/workbench/api/node/extensionHostProcess.js:118:15303
